<?xml version="1.0" encoding="UTF-8"?>
<!-- Generated by org.testng.reporters.JUnitReportReporter -->
<testsuite skipped="0" hostname="pl1inpun0428pc" name="com.upday.editor.controller.EditorControllerTest" tests="5" failures="0" timestamp="15 Dec 2018 16:31:28 GMT" time="0.619" errors="0">
  <testcase name="shouldReturnArticleAfterCreation" time="0.448" classname="com.upday.editor.controller.EditorControllerTest"/>
  <testcase name="shouldReturnDetailsByArticleId" time="0.032" classname="com.upday.editor.controller.EditorControllerTest"/>
  <testcase name="shouldReturnAllArticles" time="0.044" classname="com.upday.editor.controller.EditorControllerTest"/>
  <testcase name="shouldUpdateArticleByArticleId" time="0.064" classname="com.upday.editor.controller.EditorControllerTest"/>
  <testcase name="shouldDeleteArticleByArticleId" time="0.031" classname="com.upday.editor.controller.EditorControllerTest"/>
</testsuite> <!-- com.upday.editor.controller.EditorControllerTest -->
